<?xml version="1.0" encoding="UTF-8"?>
<!-- Generated by org.testng.reporters.JUnitReportReporter -->
<testsuite skipped="0" hostname="Ramu-PC" name="com.FunctionalTesting.Tc_Capro_Careers_Test" tests="1" failures="0" timestamp="18 May 2018 09:56:36 GMT" time="62.960" errors="0">
  <testcase name="main" time="62.960" classname="com.FunctionalTesting.Tc_Capro_Careers_Test"/>
</testsuite> <!-- com.FunctionalTesting.Tc_Capro_Careers_Test -->
