<?xml version="1.0" encoding="UTF-8"?>
<!-- Generated by org.testng.reporters.JUnitReportReporter -->
<testsuite skipped="0" hostname="Ramu-PC" name="com.FunctionalTesting.Tc_Capro_Contactus_Valid_Test" tests="1" failures="0" timestamp="19 Apr 2018 09:37:40 GMT" time="32.334" errors="0">
  <testcase name="main" time="32.334" classname="com.FunctionalTesting.Tc_Capro_Contactus_Valid_Test"/>
</testsuite> <!-- com.FunctionalTesting.Tc_Capro_Contactus_Valid_Test -->
