<?xml version="1.0" encoding="UTF-8"?>
<!-- Generated by org.testng.reporters.JUnitReportReporter -->
<testsuite skipped="0" hostname="Ramu-PC" name="com.SmokeTesting.TC_Capro_admin_ForgotPasswordpage_valid_Data_Test" tests="1" failures="0" timestamp="22 Apr 2018 15:21:28 GMT" time="71.498" errors="0">
  <testcase name="main" time="71.498" classname="com.SmokeTesting.TC_Capro_admin_ForgotPasswordpage_valid_Data_Test"/>
</testsuite> <!-- com.SmokeTesting.TC_Capro_admin_ForgotPasswordpage_valid_Data_Test -->
