<?xml version="1.0" encoding="UTF-8"?>
<!-- Generated by org.testng.reporters.JUnitReportReporter -->
<testsuite skipped="0" hostname="Ramu-PC" name="com.SmokeTesting.TC_Capro_admin_Loginwith_Invalid_data_Test" tests="1" failures="0" timestamp="22 Apr 2018 14:26:37 GMT" time="172.236" errors="0">
  <testcase name="main" time="172.236" classname="com.SmokeTesting.TC_Capro_admin_Loginwith_Invalid_data_Test"/>
</testsuite> <!-- com.SmokeTesting.TC_Capro_admin_Loginwith_Invalid_data_Test -->
