<?xml version="1.0" encoding="UTF-8"?>
<!-- Generated by org.testng.reporters.JUnitReportReporter -->
<testsuite skipped="0" hostname="Ramu-PC" name="com.FunctionalTesting.TC_Capro_admin_Careers_Valid_Test" tests="1" failures="0" timestamp="23 Apr 2018 12:22:33 GMT" time="28.400" errors="0">
  <testcase name="main" time="28.400" classname="com.FunctionalTesting.TC_Capro_admin_Careers_Valid_Test"/>
</testsuite> <!-- com.FunctionalTesting.TC_Capro_admin_Careers_Valid_Test -->
