<?xml version="1.0" encoding="UTF-8"?>
<!-- Generated by org.testng.reporters.JUnitReportReporter -->
<testsuite skipped="0" hostname="Ramu-PC" name="com.FunctionalTesting.Tc_Capro_Contactus_InValid_Test" tests="1" failures="0" timestamp="19 Apr 2018 09:37:39 GMT" time="36.844" errors="0">
  <testcase name="main" time="36.844" classname="com.FunctionalTesting.Tc_Capro_Contactus_InValid_Test"/>
</testsuite> <!-- com.FunctionalTesting.Tc_Capro_Contactus_InValid_Test -->
