<?xml version="1.0" encoding="UTF-8"?>
<!-- Generated by org.testng.reporters.JUnitReportReporter -->
<testsuite skipped="0" hostname="Ramu-PC" name="com.FunctionalTesting.TC_Capro_admin_Checkprescription_Test" tests="1" failures="0" timestamp="24 Apr 2018 09:58:13 GMT" time="31.517" errors="0">
  <testcase name="main" time="31.517" classname="com.FunctionalTesting.TC_Capro_admin_Checkprescription_Test"/>
</testsuite> <!-- com.FunctionalTesting.TC_Capro_admin_Checkprescription_Test -->
