<?xml version="1.0" encoding="UTF-8"?>
<!-- Generated by org.testng.reporters.JUnitReportReporter -->
<testsuite skipped="0" hostname="Ramu-PC" name="com.FunctionalTesting.Tc_Capro_Myaccount_Test" tests="1" failures="0" timestamp="18 May 2018 13:39:09 GMT" time="121.081" errors="0">
  <testcase name="main" time="121.081" classname="com.FunctionalTesting.Tc_Capro_Myaccount_Test"/>
</testsuite> <!-- com.FunctionalTesting.Tc_Capro_Myaccount_Test -->
