<?xml version="1.0" encoding="UTF-8"?>
<!-- Generated by org.testng.reporters.JUnitReportReporter -->
<testsuite skipped="0" hostname="Ramu-PC" name="com.FunctionalTesting.TC_Capro_admin_Careers_InValid_Test" tests="1" failures="0" timestamp="24 Apr 2018 09:30:29 GMT" time="34.226" errors="0">
  <testcase name="main" time="34.226" classname="com.FunctionalTesting.TC_Capro_admin_Careers_InValid_Test"/>
</testsuite> <!-- com.FunctionalTesting.TC_Capro_admin_Careers_InValid_Test -->
