<?xml version="1.0" encoding="UTF-8"?>
<!-- Generated by org.testng.reporters.JUnitReportReporter -->
<testsuite skipped="0" hostname="Ramu-PC" name="com.FunctionalTesting.TC_Capro_admin_Category_Test" tests="1" failures="0" timestamp="23 Apr 2018 11:39:26 GMT" time="23.663" errors="0">
  <testcase name="main" time="23.663" classname="com.FunctionalTesting.TC_Capro_admin_Category_Test"/>
</testsuite> <!-- com.FunctionalTesting.TC_Capro_admin_Category_Test -->
